Active-HDL 11.1.262.7351 2020-07-11 19:17:47

Elaboration top modules:
Architecture                  test_ripple_multiplier(testMultiplier)


----------------------------------------------------------------------------------------------------------------
Entity           | Architecture                | Library | Info | Compiler Version        | Compilation Options
----------------------------------------------------------------------------------------------------------------
testMultiplier   | test_ripple_multiplier      | project |      | 11.1.262.7351 (Windows) | -O3
Gen              | Gen_struct                  | project |      | 11.1.262.7351 (Windows) | -O3
multiplier       | multiplier_ripple_struct    | project |      | 11.1.262.7351 (Windows) | -O3
TestAnalyzer     | analyzer_struct             | project |      | 11.1.262.7351 (Windows) | -O3
ANDGATE2         | and_arc2                    | project |      | 11.1.262.7351 (Windows) | -O3
nbit_rippleAdder | nbit_rippleAdder_structural | project |      | 11.1.262.7351 (Windows) | -O3
fullAdder        | fullAdder_structural        | project |      | 11.1.262.7351 (Windows) | -O3
XORGATE3         | xor_arc3                    | project |      | 11.1.262.7351 (Windows) | -O3
ORGATE3          | or_arc3                     | project |      | 11.1.262.7351 (Windows) | -O3
----------------------------------------------------------------------------------------------------------------

----------------------------------------------------------------------------------------------------------------
VHDL Package                                   | Library | Info | Compiler Version        | Compilation Options
----------------------------------------------------------------------------------------------------------------
standard                                       | std     |      |                         | <unavailable>
TEXTIO                                         | std     |      |                         | <unavailable>
std_logic_1164                                 | ieee    |      |                         | <unavailable>
std_logic_arith                                | ieee    |      |                         | <unavailable>
----------------------------------------------------------------------------------------------------------------

----------------------------------------------------------------------------------------------------------------
Library                                        | Comment
----------------------------------------------------------------------------------------------------------------
ieee                                           | Standard IEEE packages library
project                                        | None
std                                            | Standard VHDL library
----------------------------------------------------------------------------------------------------------------
